This is pdfTeX, Version 3.14159265-2.6-1.40.21 (TeX Live 2020/W32TeX) (preloaded format=pdflatex 2020.6.27)  24 JAN 2021 21:23
entering extended mode
 restricted \write18 enabled.
 file:line:error style messages enabled.
 %&-line parsing enabled.
**"c:/Users/giuse/Desktop/Progetto Metodi/Relazione/Relazione.tex"
(c:/Users/giuse/Desktop/Progetto Metodi/Relazione/Relazione.tex
LaTeX2e <2020-02-02> patch level 5
L3 programming layer <2020-06-18> (c:/texlive/2020/texmf-dist/tex/latex/base/article.cls
Document Class: article 2019/12/20 v1.4l Standard LaTeX document class
(c:/texlive/2020/texmf-dist/tex/latex/base/size12.clo
File: size12.clo 2019/12/20 v1.4l Standard LaTeX file (size option)
)
\c@part=\count167
\c@section=\count168
\c@subsection=\count169
\c@subsubsection=\count170
\c@paragraph=\count171
\c@subparagraph=\count172
\c@figure=\count173
\c@table=\count174
\abovecaptionskip=\skip47
\belowcaptionskip=\skip48
\bibindent=\dimen134
) (c:/texlive/2020/texmf-dist/tex/generic/babel/babel.sty
Package: babel 2020/06/10 3.45 The Babel package
 (c:/texlive/2020/texmf-dist/tex/generic/babel/babel.def
File: babel.def 2020/06/10 3.45 Babel common definitions
\babel@savecnt=\count175
\U@D=\dimen135
\l@babelnohyphens=\language86
 (c:/texlive/2020/texmf-dist/tex/generic/babel/txtbabel.def)
\bbl@readstream=\read2
)
\bbl@dirlevel=\count176
 (c:/texlive/2020/texmf-dist/tex/generic/babel-italian/italian.ldf
Language: italian 2020/05/21 v.1.4.04 Italian support for the babel system
\it@lettering=\count177
\it@doublequoteactive=\count178
\it@ISOcompliance=\count179
)) (c:/texlive/2020/texmf-dist/tex/latex/etoolbox/etoolbox.sty
Package: etoolbox 2019/09/21 v2.5h e-TeX tools for LaTeX (JAW)
\etb@tempcnta=\count180
) (c:/texlive/2020/texmf-dist/tex/latex/graphics/graphicx.sty
Package: graphicx 2019/11/30 v1.2a Enhanced LaTeX Graphics (DPC,SPQR)
 (c:/texlive/2020/texmf-dist/tex/latex/graphics/keyval.sty
Package: keyval 2014/10/28 v1.15 key=value parser (DPC)
\KV@toks@=\toks15
) (c:/texlive/2020/texmf-dist/tex/latex/graphics/graphics.sty
Package: graphics 2019/11/30 v1.4a Standard LaTeX Graphics (DPC,SPQR)
 (c:/texlive/2020/texmf-dist/tex/latex/graphics/trig.sty
Package: trig 2016/01/03 v1.10 sin cos tan (DPC)
) (c:/texlive/2020/texmf-dist/tex/latex/graphics-cfg/graphics.cfg
File: graphics.cfg 2016/06/04 v1.11 sample graphics configuration
)
Package graphics Info: Driver file: pdftex.def on input line 105.
 (c:/texlive/2020/texmf-dist/tex/latex/graphics-def/pdftex.def
File: pdftex.def 2018/01/08 v1.0l Graphics/color driver for pdftex
))
\Gin@req@height=\dimen136
\Gin@req@width=\dimen137
) (c:/texlive/2020/texmf-dist/tex/latex/placeins/placeins.sty
Package: placeins 2005/04/18  v 2.2
) (c:/texlive/2020/texmf-dist/tex/latex/amsmath/amsmath.sty
Package: amsmath 2020/01/20 v2.17e AMS math features
\@mathmargin=\skip49

For additional information on amsmath, use the `?' option.
(c:/texlive/2020/texmf-dist/tex/latex/amsmath/amstext.sty
Package: amstext 2000/06/29 v2.01 AMS text
 (c:/texlive/2020/texmf-dist/tex/latex/amsmath/amsgen.sty
File: amsgen.sty 1999/11/30 v2.0 generic functions
\@emptytoks=\toks16
\ex@=\dimen138
)) (c:/texlive/2020/texmf-dist/tex/latex/amsmath/amsbsy.sty
Package: amsbsy 1999/11/29 v1.2d Bold Symbols
\pmbraise@=\dimen139
) (c:/texlive/2020/texmf-dist/tex/latex/amsmath/amsopn.sty
Package: amsopn 2016/03/08 v2.02 operator names
)
\inf@bad=\count181
LaTeX Info: Redefining \frac on input line 227.
\uproot@=\count182
\leftroot@=\count183
LaTeX Info: Redefining \overline on input line 389.
\classnum@=\count184
\DOTSCASE@=\count185
LaTeX Info: Redefining \ldots on input line 486.
LaTeX Info: Redefining \dots on input line 489.
LaTeX Info: Redefining \cdots on input line 610.
\Mathstrutbox@=\box45
\strutbox@=\box46
\big@size=\dimen140
LaTeX Font Info:    Redeclaring font encoding OML on input line 733.
LaTeX Font Info:    Redeclaring font encoding OMS on input line 734.
\macc@depth=\count186
\c@MaxMatrixCols=\count187
\dotsspace@=\muskip16
\c@parentequation=\count188
\dspbrk@lvl=\count189
\tag@help=\toks17
\row@=\count190
\column@=\count191
\maxfields@=\count192
\andhelp@=\toks18
\eqnshift@=\dimen141
\alignsep@=\dimen142
\tagshift@=\dimen143
\tagwidth@=\dimen144
\totwidth@=\dimen145
\lineht@=\dimen146
\@envbody=\toks19
\multlinegap=\skip50
\multlinetaggap=\skip51
\mathdisplay@stack=\toks20
LaTeX Info: Redefining \[ on input line 2859.
LaTeX Info: Redefining \] on input line 2860.
) (c:/texlive/2020/texmf-dist/tex/latex/enumitem/enumitem.sty
Package: enumitem 2019/06/20 v3.9 Customized lists
\labelindent=\skip52
\enit@outerparindent=\dimen147
\enit@toks=\toks21
\enit@inbox=\box47
\enit@count@id=\count193
\enitdp@description=\count194
) (c:/texlive/2020/texmf-dist/tex/latex/hyperref/hyperref.sty
Package: hyperref 2020-05-15 v7.00e Hypertext links for LaTeX
 (c:/texlive/2020/texmf-dist/tex/generic/ltxcmds/ltxcmds.sty
Package: ltxcmds 2019/12/15 v1.24 LaTeX kernel commands for general use (HO)
) (c:/texlive/2020/texmf-dist/tex/generic/iftex/iftex.sty
Package: iftex 2020/03/06 v1.0d TeX engine tests
) (c:/texlive/2020/texmf-dist/tex/latex/pdftexcmds/pdftexcmds.sty
Package: pdftexcmds 2020-06-04 v0.32 Utility functions of pdfTeX for LuaTeX (HO)
 (c:/texlive/2020/texmf-dist/tex/generic/infwarerr/infwarerr.sty
Package: infwarerr 2019/12/03 v1.5 Providing info/warning/error messages (HO)
)
Package pdftexcmds Info: \pdf@primitive is available.
Package pdftexcmds Info: \pdf@ifprimitive is available.
Package pdftexcmds Info: \pdfdraftmode found.
) (c:/texlive/2020/texmf-dist/tex/generic/kvsetkeys/kvsetkeys.sty
Package: kvsetkeys 2019/12/15 v1.18 Key value parser (HO)
) (c:/texlive/2020/texmf-dist/tex/generic/kvdefinekeys/kvdefinekeys.sty
Package: kvdefinekeys 2019-12-19 v1.6 Define keys (HO)
) (c:/texlive/2020/texmf-dist/tex/generic/pdfescape/pdfescape.sty
Package: pdfescape 2019/12/09 v1.15 Implements pdfTeX's escape features (HO)
) (c:/texlive/2020/texmf-dist/tex/latex/hycolor/hycolor.sty
Package: hycolor 2020-01-27 v1.10 Color options for hyperref/bookmark (HO)
) (c:/texlive/2020/texmf-dist/tex/latex/letltxmacro/letltxmacro.sty
Package: letltxmacro 2019/12/03 v1.6 Let assignment for LaTeX macros (HO)
) (c:/texlive/2020/texmf-dist/tex/latex/auxhook/auxhook.sty
Package: auxhook 2019-12-17 v1.6 Hooks for auxiliary files (HO)
) (c:/texlive/2020/texmf-dist/tex/latex/kvoptions/kvoptions.sty
Package: kvoptions 2019/11/29 v3.13 Key value format for package options (HO)
)
\@linkdim=\dimen148
\Hy@linkcounter=\count195
\Hy@pagecounter=\count196
 (c:/texlive/2020/texmf-dist/tex/latex/hyperref/pd1enc.def
File: pd1enc.def 2020-05-15 v7.00e Hyperref: PDFDocEncoding definition (HO)
Now handling font encoding PD1 ...
... no UTF-8 mapping file for font encoding PD1
) (c:/texlive/2020/texmf-dist/tex/generic/intcalc/intcalc.sty
Package: intcalc 2019/12/15 v1.3 Expandable calculations with integers (HO)
) (c:/texlive/2020/texmf-dist/tex/generic/etexcmds/etexcmds.sty
Package: etexcmds 2019/12/15 v1.7 Avoid name clashes with e-TeX commands (HO)
)
\Hy@SavedSpaceFactor=\count197
Package hyperref Info: Hyper figures OFF on input line 4464.
Package hyperref Info: Link nesting OFF on input line 4469.
Package hyperref Info: Hyper index ON on input line 4472.
Package hyperref Info: Plain pages OFF on input line 4479.
Package hyperref Info: Backreferencing OFF on input line 4484.
Package hyperref Info: Implicit mode ON; LaTeX internals redefined.
Package hyperref Info: Bookmarks ON on input line 4717.
\c@Hy@tempcnt=\count198
 (c:/texlive/2020/texmf-dist/tex/latex/url/url.sty
\Urlmuskip=\muskip17
Package: url 2013/09/16  ver 3.4  Verb mode for urls, etc.
)
LaTeX Info: Redefining \url on input line 5076.
\XeTeXLinkMargin=\dimen149
 (c:/texlive/2020/texmf-dist/tex/generic/bitset/bitset.sty
Package: bitset 2019/12/09 v1.3 Handle bit-vector datatype (HO)
 (c:/texlive/2020/texmf-dist/tex/generic/bigintcalc/bigintcalc.sty
Package: bigintcalc 2019/12/15 v1.5 Expandable calculations on big integers (HO)
))
\Fld@menulength=\count199
\Field@Width=\dimen150
\Fld@charsize=\dimen151
Package hyperref Info: Hyper figures OFF on input line 6347.
Package hyperref Info: Link nesting OFF on input line 6352.
Package hyperref Info: Hyper index ON on input line 6355.
Package hyperref Info: backreferencing OFF on input line 6362.
Package hyperref Info: Link coloring OFF on input line 6367.
Package hyperref Info: Link coloring with OCG OFF on input line 6372.
Package hyperref Info: PDF/A mode OFF on input line 6377.
LaTeX Info: Redefining \ref on input line 6417.
LaTeX Info: Redefining \pageref on input line 6421.
 (c:/texlive/2020/texmf-dist/tex/generic/atbegshi/atbegshi.sty
Package: atbegshi 2019/12/05 v1.19 At begin shipout hook (HO)
)
\Hy@abspage=\count266
\c@Item=\count267
\c@Hfootnote=\count268
)
Package hyperref Info: Driver (autodetected): hpdftex.
 (c:/texlive/2020/texmf-dist/tex/latex/hyperref/hpdftex.def
File: hpdftex.def 2020-05-15 v7.00e Hyperref driver for pdfTeX
 (c:/texlive/2020/texmf-dist/tex/latex/atveryend/atveryend.sty
Package: atveryend 2019-12-11 v1.11 Hooks at the very end of document (HO)
)
\Fld@listcount=\count269
\c@bookmark@seq@number=\count270
 (c:/texlive/2020/texmf-dist/tex/latex/rerunfilecheck/rerunfilecheck.sty
Package: rerunfilecheck 2019/12/05 v1.9 Rerun checks for auxiliary files (HO)
 (c:/texlive/2020/texmf-dist/tex/generic/uniquecounter/uniquecounter.sty
Package: uniquecounter 2019/12/15 v1.4 Provide unlimited unique counter (HO)
)
Package uniquecounter Info: New unique counter `rerunfilecheck' on input line 286.
)
\Hy@SectionHShift=\skip53
) (c:/texlive/2020/texmf-dist/tex/latex/l3backend/l3backend-pdfmode.def
File: l3backend-pdfmode.def 2020-06-23 L3 backend support: PDF mode
\l__kernel_color_stack_int=\count271
\l__pdf_internal_box=\box48
) (c:/Users/giuse/Desktop/Progetto Metodi/Relazione/Relazione.aux)
\openout1 = `Relazione.aux'.

LaTeX Font Info:    Checking defaults for OML/cmm/m/it on input line 15.
LaTeX Font Info:    ... okay on input line 15.
LaTeX Font Info:    Checking defaults for OMS/cmsy/m/n on input line 15.
LaTeX Font Info:    ... okay on input line 15.
LaTeX Font Info:    Checking defaults for OT1/cmr/m/n on input line 15.
LaTeX Font Info:    ... okay on input line 15.
LaTeX Font Info:    Checking defaults for T1/cmr/m/n on input line 15.
LaTeX Font Info:    ... okay on input line 15.
LaTeX Font Info:    Checking defaults for TS1/cmr/m/n on input line 15.
LaTeX Font Info:    ... okay on input line 15.
LaTeX Font Info:    Checking defaults for OMX/cmex/m/n on input line 15.
LaTeX Font Info:    ... okay on input line 15.
LaTeX Font Info:    Checking defaults for U/cmr/m/n on input line 15.
LaTeX Font Info:    ... okay on input line 15.
LaTeX Font Info:    Checking defaults for PD1/pdf/m/n on input line 15.
LaTeX Font Info:    ... okay on input line 15.
LaTeX Info: Redefining \it@ocap on input line 15.
LaTeX Info: Redefining \it@ccap on input line 15.


File italian.ldf warning: 
italian.ldf    With OT1 encoding guillemets are poorly faked
italian.ldf    Use T1 encoding
italian.ldf    or specify a font with command \CaporaliFrom
italian.ldf    See the documentation concerning the babel-italian typesetting 
italian.ldf    on input line 15.

(c:/texlive/2020/texmf-dist/tex/context/base/mkii/supp-pdf.mkii
[Loading MPS to PDF converter (version 2006.09.02).]
\scratchcounter=\count272
\scratchdimen=\dimen152
\scratchbox=\box49
\nofMPsegments=\count273
\nofMParguments=\count274
\everyMPshowfont=\toks22
\MPscratchCnt=\count275
\MPscratchDim=\dimen153
\MPnumerator=\count276
\makeMPintoPDFobject=\count277
\everyMPtoPDFconversion=\toks23
) (c:/texlive/2020/texmf-dist/tex/latex/epstopdf-pkg/epstopdf-base.sty
Package: epstopdf-base 2020-01-24 v2.11 Base part for package epstopdf
Package epstopdf-base Info: Redefining graphics rule for `.eps' on input line 485.
 (c:/texlive/2020/texmf-dist/tex/latex/latexconfig/epstopdf-sys.cfg
File: epstopdf-sys.cfg 2010/07/13 v1.3 Configuration of (r)epstopdf for TeX Live
))
\AtBeginShipoutBox=\box50
Package hyperref Info: Link coloring OFF on input line 15.
 (c:/texlive/2020/texmf-dist/tex/latex/hyperref/nameref.sty
Package: nameref 2019/09/16 v2.46 Cross-referencing by name of section
 (c:/texlive/2020/texmf-dist/tex/latex/refcount/refcount.sty
Package: refcount 2019/12/15 v3.6 Data extraction from label references (HO)
) (c:/texlive/2020/texmf-dist/tex/generic/gettitlestring/gettitlestring.sty
Package: gettitlestring 2019/12/15 v1.6 Cleanup title references (HO)
)
\c@section@level=\count278
)
LaTeX Info: Redefining \ref on input line 15.
LaTeX Info: Redefining \pageref on input line 15.
LaTeX Info: Redefining \nameref on input line 15.
 (c:/Users/giuse/Desktop/Progetto Metodi/Relazione/Relazione.out) (c:/Users/giuse/Desktop/Progetto Metodi/Relazione/Relazione.out)
\@outlinefile=\write3
\openout3 = `Relazione.out'.

 [1

{c:/texlive/2020/texmf-var/fonts/map/pdftex/updmap/pdftex.map}] (c:/Users/giuse/Desktop/Progetto Metodi/Relazione/Relazione.toc)
\tf@toc=\write4
\openout4 = `Relazione.toc'.

 [2]
<immagini/vin.jpg, id=162, 2055.68pt x 1370.11874pt>
File: immagini/vin.jpg Graphic file (type jpg)
<use immagini/vin.jpg>
Package pdftex.def Info: immagini/vin.jpg  used on input line 26.
(pdftex.def)             Requested size: 390.0pt x 259.92804pt.
 [3 <c:/Users/giuse/Desktop/Progetto Metodi/Relazione/immagini/vin.jpg>] [4]
<immagini/missmap.png, id=177, 712.16063pt x 469.00218pt>
File: immagini/missmap.png Graphic file (type png)
<use immagini/missmap.png>
Package pdftex.def Info: immagini/missmap.png  used on input line 58.
(pdftex.def)             Requested size: 390.0pt x 256.8356pt.
<immagini/str.png, id=178, 563.85657pt x 137.01187pt>
File: immagini/str.png Graphic file (type png)
<use immagini/str.png>
Package pdftex.def Info: immagini/str.png  used on input line 65.
(pdftex.def)             Requested size: 390.0pt x 94.76825pt.
 [5 <c:/Users/giuse/Desktop/Progetto Metodi/Relazione/immagini/missmap.png>]
<immagini/sum.png, id=186, 588.69937pt x 183.68625pt>
File: immagini/sum.png Graphic file (type png)
<use immagini/sum.png>
Package pdftex.def Info: immagini/sum.png  used on input line 72.
(pdftex.def)             Requested size: 312.00119pt x 97.35043pt.
<immagini/sum1.png, id=187, 835.62187pt x 182.93344pt>
File: immagini/sum1.png Graphic file (type png)
<use immagini/sum1.png>
Package pdftex.def Info: immagini/sum1.png  used on input line 76.
(pdftex.def)             Requested size: 390.0pt x 85.37859pt.
 [6 <c:/Users/giuse/Desktop/Progetto Metodi/Relazione/immagini/str.png> <c:/Users/giuse/Desktop/Progetto Metodi/Relazione/immagini/sum.png> <c:/Users/giuse/Desktop/Progetto Metodi/Relazione/immagini/sum1.png>]
<immagini/qua.png, id=197, 712.16063pt x 469.00218pt>
File: immagini/qua.png Graphic file (type png)
<use immagini/qua.png>
Package pdftex.def Info: immagini/qua.png  used on input line 87.
(pdftex.def)             Requested size: 390.0pt x 256.8356pt.
 [7 <c:/Users/giuse/Desktop/Progetto Metodi/Relazione/immagini/qua.png>]
<immagini/acnon.png, id=205, 712.16063pt x 469.00218pt>
File: immagini/acnon.png Graphic file (type png)
<use immagini/acnon.png>
Package pdftex.def Info: immagini/acnon.png  used on input line 96.
(pdftex.def)             Requested size: 390.0pt x 256.8356pt.
 [8 <c:/Users/giuse/Desktop/Progetto Metodi/Relazione/immagini/acnon.png>]
<immagini/acvol.png, id=212, 712.16063pt x 469.00218pt>
File: immagini/acvol.png Graphic file (type png)
<use immagini/acvol.png>
Package pdftex.def Info: immagini/acvol.png  used on input line 105.
(pdftex.def)             Requested size: 390.0pt x 256.8356pt.
 [9 <c:/Users/giuse/Desktop/Progetto Metodi/Relazione/immagini/acvol.png>]
<immagini/accit.png, id=219, 712.16063pt x 469.00218pt>
File: immagini/accit.png Graphic file (type png)
<use immagini/accit.png>
Package pdftex.def Info: immagini/accit.png  used on input line 114.
(pdftex.def)             Requested size: 390.0pt x 256.8356pt.
 [10 <c:/Users/giuse/Desktop/Progetto Metodi/Relazione/immagini/accit.png>]
<immagini/zr.png, id=226, 712.16063pt x 469.00218pt>
File: immagini/zr.png Graphic file (type png)
<use immagini/zr.png>
Package pdftex.def Info: immagini/zr.png  used on input line 123.
(pdftex.def)             Requested size: 390.0pt x 256.8356pt.
 [11 <c:/Users/giuse/Desktop/Progetto Metodi/Relazione/immagini/zr.png>]
<immagini/clor.png, id=233, 712.16063pt x 469.00218pt>
File: immagini/clor.png Graphic file (type png)
<use immagini/clor.png>
Package pdftex.def Info: immagini/clor.png  used on input line 132.
(pdftex.def)             Requested size: 390.0pt x 256.8356pt.
 [12 <c:/Users/giuse/Desktop/Progetto Metodi/Relazione/immagini/clor.png>]
<immagini/anlib.png, id=240, 712.16063pt x 469.00218pt>
File: immagini/anlib.png Graphic file (type png)
<use immagini/anlib.png>
Package pdftex.def Info: immagini/anlib.png  used on input line 141.
(pdftex.def)             Requested size: 390.0pt x 256.8356pt.
 [13 <c:/Users/giuse/Desktop/Progetto Metodi/Relazione/immagini/anlib.png>]
<immagini/antot.png, id=248, 712.16063pt x 469.00218pt>
File: immagini/antot.png Graphic file (type png)
<use immagini/antot.png>
Package pdftex.def Info: immagini/antot.png  used on input line 150.
(pdftex.def)             Requested size: 390.0pt x 256.8356pt.
 [14 <c:/Users/giuse/Desktop/Progetto Metodi/Relazione/immagini/antot.png>]
<immagini/den.png, id=255, 712.16063pt x 469.00218pt>
File: immagini/den.png Graphic file (type png)
<use immagini/den.png>
Package pdftex.def Info: immagini/den.png  used on input line 159.
(pdftex.def)             Requested size: 390.0pt x 256.8356pt.
 [15 <c:/Users/giuse/Desktop/Progetto Metodi/Relazione/immagini/den.png>]
<immagini/ph.png, id=262, 712.16063pt x 469.00218pt>
File: immagini/ph.png Graphic file (type png)
<use immagini/ph.png>
Package pdftex.def Info: immagini/ph.png  used on input line 168.
(pdftex.def)             Requested size: 390.0pt x 256.8356pt.
 [16 <c:/Users/giuse/Desktop/Progetto Metodi/Relazione/immagini/ph.png>]
<immagini/solf.png, id=269, 712.16063pt x 469.00218pt>
File: immagini/solf.png Graphic file (type png)
<use immagini/solf.png>
Package pdftex.def Info: immagini/solf.png  used on input line 177.
(pdftex.def)             Requested size: 390.0pt x 256.8356pt.
 [17 <c:/Users/giuse/Desktop/Progetto Metodi/Relazione/immagini/solf.png>]
<immagini/alcol.png, id=276, 712.16063pt x 469.00218pt>
File: immagini/alcol.png Graphic file (type png)
<use immagini/alcol.png>
Package pdftex.def Info: immagini/alcol.png  used on input line 186.
(pdftex.def)             Requested size: 390.0pt x 256.8356pt.
 [18 <c:/Users/giuse/Desktop/Progetto Metodi/Relazione/immagini/alcol.png>]
<immagini/cor.png, id=284, 710.655pt x 467.49657pt>
File: immagini/cor.png Graphic file (type png)
<use immagini/cor.png>
Package pdftex.def Info: immagini/cor.png  used on input line 197.
(pdftex.def)             Requested size: 390.0pt x 256.56036pt.
 [19 <c:/Users/giuse/Desktop/Progetto Metodi/Relazione/immagini/cor.png>]
<immagini/init.png, id=292, 417.81094pt x 311.66437pt>
File: immagini/init.png Graphic file (type png)
<use immagini/init.png>
Package pdftex.def Info: immagini/init.png  used on input line 215.
(pdftex.def)             Requested size: 234.00238pt x 174.55463pt.
<immagini/impr.png, id=293, 421.575pt x 275.52937pt>
File: immagini/impr.png Graphic file (type png)
<use immagini/impr.png>
Package pdftex.def Info: immagini/impr.png  used on input line 222.
(pdftex.def)             Requested size: 234.00238pt x 152.93742pt.
 [20 <c:/Users/giuse/Desktop/Progetto Metodi/Relazione/immagini/init.png>] [21 <c:/Users/giuse/Desktop/Progetto Metodi/Relazione/immagini/impr.png>]
<immagini/regrtr.png, id=306, 712.16063pt x 469.00218pt>
File: immagini/regrtr.png Graphic file (type png)
<use immagini/regrtr.png>
Package pdftex.def Info: immagini/regrtr.png  used on input line 232.
(pdftex.def)             Requested size: 390.0pt x 256.8356pt.
<immagini/mae.png, id=307, 712.16063pt x 469.00218pt>
File: immagini/mae.png Graphic file (type png)
<use immagini/mae.png>
Package pdftex.def Info: immagini/mae.png  used on input line 242.
(pdftex.def)             Requested size: 390.0pt x 256.8356pt.
 [22 <c:/Users/giuse/Desktop/Progetto Metodi/Relazione/immagini/regrtr.png>] [23 <c:/Users/giuse/Desktop/Progetto Metodi/Relazione/immagini/mae.png>]
<immagini/gusto.png, id=322, 134.75343pt x 29.35968pt>
File: immagini/gusto.png Graphic file (type png)
<use immagini/gusto.png>
Package pdftex.def Info: immagini/gusto.png  used on input line 252.
(pdftex.def)             Requested size: 155.99762pt x 33.98868pt.
 [24 <c:/Users/giuse/Desktop/Progetto Metodi/Relazione/immagini/gusto.png>]
<immagini/treecò.png, id=330, 712.16063pt x 599.23875pt>
File: immagini/treecò.png Graphic file (type png)
<use immagini/treecò.png>
Package pdftex.def Info: immagini/treecò.png  used on input line 261.
(pdftex.def)             Requested size: 390.0pt x 328.15593pt.
<immagini/simpleconf.png, id=331, 712.16063pt x 599.23875pt>
File: immagini/simpleconf.png Graphic file (type png)
<use immagini/simpleconf.png>
Package pdftex.def Info: immagini/simpleconf.png  used on input line 267.
(pdftex.def)             Requested size: 390.0pt x 328.15593pt.
 [25 <c:/Users/giuse/Desktop/Progetto Metodi/Relazione/immagini/treecò.png>] [26 <c:/Users/giuse/Desktop/Progetto Metodi/Relazione/immagini/simpleconf.png (PNG copy)>]
<immagini/100.png, id=344, 712.16063pt x 599.23875pt>
File: immagini/100.png Graphic file (type png)
<use immagini/100.png>
Package pdftex.def Info: immagini/100.png  used on input line 277.
(pdftex.def)             Requested size: 390.0pt x 328.15593pt.
<immagini/conf100.png, id=345, 712.16063pt x 599.23875pt>
File: immagini/conf100.png Graphic file (type png)
<use immagini/conf100.png>
Package pdftex.def Info: immagini/conf100.png  used on input line 284.
(pdftex.def)             Requested size: 390.0pt x 328.15593pt.
 [27 <c:/Users/giuse/Desktop/Progetto Metodi/Relazione/immagini/100.png>]
<immagini/conf200.png, id=352, 712.16063pt x 599.23875pt>
File: immagini/conf200.png Graphic file (type png)
<use immagini/conf200.png>
Package pdftex.def Info: immagini/conf200.png  used on input line 291.
(pdftex.def)             Requested size: 390.0pt x 328.15593pt.
 [28 <c:/Users/giuse/Desktop/Progetto Metodi/Relazione/immagini/conf100.png (PNG copy)>]
<immagini/300conf.png, id=358, 712.16063pt x 599.23875pt>
File: immagini/300conf.png Graphic file (type png)
<use immagini/300conf.png>
Package pdftex.def Info: immagini/300conf.png  used on input line 298.
(pdftex.def)             Requested size: 390.0pt x 328.15593pt.
 [29 <c:/Users/giuse/Desktop/Progetto Metodi/Relazione/immagini/conf200.png (PNG copy)>]
<immagini/conf400.png, id=364, 712.16063pt x 599.23875pt>
File: immagini/conf400.png Graphic file (type png)
<use immagini/conf400.png>
Package pdftex.def Info: immagini/conf400.png  used on input line 305.
(pdftex.def)             Requested size: 390.0pt x 328.15593pt.
 [30 <c:/Users/giuse/Desktop/Progetto Metodi/Relazione/immagini/300conf.png (PNG copy)>]
<immagini/acc.png, id=370, 712.16063pt x 599.23875pt>
File: immagini/acc.png Graphic file (type png)
<use immagini/acc.png>
Package pdftex.def Info: immagini/acc.png  used on input line 313.
(pdftex.def)             Requested size: 390.0pt x 328.15593pt.
 [31 <c:/Users/giuse/Desktop/Progetto Metodi/Relazione/immagini/conf400.png (PNG copy)>]
Package atveryend Info: Empty hook `BeforeClearDocument' on input line 320.
 [32 <c:/Users/giuse/Desktop/Progetto Metodi/Relazione/immagini/acc.png>]
Package atveryend Info: Empty hook `AfterLastShipout' on input line 320.
 (c:/Users/giuse/Desktop/Progetto Metodi/Relazione/Relazione.aux)
Package atveryend Info: Executing hook `AtVeryEndDocument' on input line 320.
Package atveryend Info: Executing hook `AtEndAfterFileList' on input line 320.
Package rerunfilecheck Info: File `Relazione.out' has not changed.
(rerunfilecheck)             Checksum: 8CF42034C081ACE04C783EAABD35563E;2117.
 ) 
Here is how much of TeX's memory you used:
 7501 strings out of 480471
 112212 string characters out of 5903300
 397751 words of memory out of 5000000
 23286 multiletter control sequences out of 15000+600000
 539315 words of font info for 48 fonts, out of 8000000 for 9000
 1141 hyphenation exceptions out of 8191
 37i,6n,29p,846b,435s stack positions out of 5000i,500n,10000p,200000b,80000s
{c:/texlive/2020/texmf-dist/fonts/enc/dvips/cm-super/cm-super-ts1.enc}<c:/texlive/2020/texmf-dist/fonts/type1/public/amsfonts/cm/cmbx12.pfb><c:/texlive/2020/texmf-dist/fonts/type1/public/amsfonts/cm/cmmi12.pfb><c:/texlive/2020/texmf-dist/fonts/type1/public/amsfonts/cm/cmr12.pfb><c:/texlive/2020/texmf-dist/fonts/type1/public/amsfonts/cm/cmr17.pfb><c:/texlive/2020/texmf-dist/fonts/type1/public/amsfonts/cm/cmti12.pfb><c:/texlive/2020/texmf-dist/fonts/type1/public/cm-super/sfrm1200.pfb>
Output written on "c:/Users/giuse/Desktop/Progetto Metodi/Relazione/Relazione.pdf" (32 pages, 1220306 bytes).
PDF statistics:
 430 PDF objects out of 1000 (max. 8388607)
 330 compressed objects within 4 object streams
 97 named destinations out of 1000 (max. 500000)
 388 words of extra memory for PDF output out of 10000 (max. 10000000)

