\BOOKMARK [1][-]{section.1}{Panoramica}{}% 1
\BOOKMARK [1][-]{section.2}{Data Acquisiton}{}% 2
\BOOKMARK [2][-]{subsection.2.1}{Descrizione del dataset}{section.2}% 3
\BOOKMARK [2][-]{subsection.2.2}{Descrizione dei valori delle variabili}{section.2}% 4
\BOOKMARK [2][-]{subsection.2.3}{Descrizione delle distribuzioni delle variabili}{section.2}% 5
\BOOKMARK [3][-]{subsubsection.2.3.1}{Qualit\340}{subsection.2.3}% 6
\BOOKMARK [3][-]{subsubsection.2.3.2}{Acidi non volatili}{subsection.2.3}% 7
\BOOKMARK [3][-]{subsubsection.2.3.3}{Acidi volatili}{subsection.2.3}% 8
\BOOKMARK [3][-]{subsubsection.2.3.4}{Acido citrico}{subsection.2.3}% 9
\BOOKMARK [3][-]{subsubsection.2.3.5}{Zuccheri residui}{subsection.2.3}% 10
\BOOKMARK [3][-]{subsubsection.2.3.6}{Cloruri}{subsection.2.3}% 11
\BOOKMARK [3][-]{subsubsection.2.3.7}{Anidride Solforosa libera}{subsection.2.3}% 12
\BOOKMARK [3][-]{subsubsection.2.3.8}{Anidride Solforosa totale}{subsection.2.3}% 13
\BOOKMARK [3][-]{subsubsection.2.3.9}{Densit\340}{subsection.2.3}% 14
\BOOKMARK [3][-]{subsubsection.2.3.10}{pH}{subsection.2.3}% 15
\BOOKMARK [3][-]{subsubsection.2.3.11}{Solfati}{subsection.2.3}% 16
\BOOKMARK [3][-]{subsubsection.2.3.12}{Percentuale di Alcol}{subsection.2.3}% 17
\BOOKMARK [2][-]{subsection.2.4}{Correlazione tra variabili}{section.2}% 18
\BOOKMARK [1][-]{section.3}{Regressione e Classificazione}{}% 19
\BOOKMARK [2][-]{subsection.3.1}{Organizzazione di training e test set}{section.3}% 20
\BOOKMARK [2][-]{subsection.3.2}{Regressione}{section.3}% 21
\BOOKMARK [3][-]{subsubsection.3.2.1}{Regressione Lineare Multipla}{subsection.3.2}% 22
\BOOKMARK [3][-]{subsubsection.3.2.2}{Albero di regressione semplice}{subsection.3.2}% 23
\BOOKMARK [3][-]{subsubsection.3.2.3}{M5P}{subsection.3.2}% 24
\BOOKMARK [2][-]{subsection.3.3}{Classificazione}{section.3}% 25
\BOOKMARK [3][-]{subsubsection.3.3.1}{Introduzione}{subsection.3.3}% 26
\BOOKMARK [3][-]{subsubsection.3.3.2}{Albero di classificazione semplice}{subsection.3.3}% 27
\BOOKMARK [3][-]{subsubsection.3.3.3}{Random Forest}{subsection.3.3}% 28
\BOOKMARK [1][-]{section.4}{Conclusioni}{}% 29
